<?xml version="1.0" encoding="UTF-8"?>
<testng-results skipped="0" failed="0" ignored="0" total="1" passed="1">
  <reporter-output>
  </reporter-output>
  <suite name="DemoProject" duration-ms="5139" started-at="2020-12-23T16:45:37Z" finished-at="2020-12-23T16:45:42Z">
    <groups>
    </groups>
    <test name="Tests" duration-ms="5139" started-at="2020-12-23T16:45:37Z" finished-at="2020-12-23T16:45:42Z">
      <class name="com.sample.test.demo.tests.DemoTest">
        <test-method status="PASS" signature="init()[pri:0, instance:com.sample.test.demo.tests.DemoTest@69ea3742]" name="init" is-config="true" duration-ms="5087" started-at="2020-12-23T16:45:37Z" finished-at="2020-12-23T16:45:42Z">
          <reporter-output>
          </reporter-output>
        </test-method> <!-- init -->
        <test-method status="PASS" signature="demoTest()[pri:0, instance:com.sample.test.demo.tests.DemoTest@69ea3742]" name="demoTest" duration-ms="7" started-at="2020-12-23T16:45:42Z" finished-at="2020-12-23T16:45:42Z">
          <reporter-output>
          </reporter-output>
        </test-method> <!-- demoTest -->
      </class> <!-- com.sample.test.demo.tests.DemoTest -->
    </test> <!-- Tests -->
  </suite> <!-- DemoProject -->
</testng-results>
